<?xml version="1.0" encoding="UTF-8"?>
<!-- Generated by org.testng.reporters.JUnitReportReporter -->
<testsuite hostname="Rajesh" failures="0" tests="5" name="phptravels.Login" time="18.117" errors="0" timestamp="2022-02-01T20:31:54 EST" skipped="0">
  <testcase classname="phptravels.Login" name="openurl" time="8.223"/>
  <system-out/>
  <testcase classname="phptravels.Login" name="loginintoapplication" time="5.728"/>
  <system-out/>
  <testcase classname="phptravels.Login" name="clickbookings" time="1.582"/>
  <system-out/>
  <testcase classname="phptravels.Login" name="webtables" time="0.697"/>
  <system-out/>
  <testcase classname="phptravels.Login" name="logout" time="1.887"/>
  <system-out/>
</testsuite> <!-- phptravels.Login -->
